total : 2731473.460000, average 4485.170000, rest : 493.000000 ppl : 609
0 tmp : 4511.180000 8996.360000(4511.180000)
1 tmp : 4506.580000 8991.760000(9017.760000)
2 tmp : 4503.510000 8988.690000(13521.270000)
3 tmp : 4497.100000 8982.280000(18018.370000)
4 tmp : 4490.720000 8975.900000(22509.090000)
5 tmp : 4481.840000 8967.020000(26990.930000)
6 tmp : 4439.710000 8924.890000(31430.640000)
7 tmp : 4433.210000 8918.390000(35863.850000)
8 tmp : 4403.760000 8888.940000(40267.610000)
9 tmp : 4396.540000 8881.720000(44664.150000)
10 tmp : 4370.000000 8855.180000(49034.150000)
11 tmp : 4347.590000 8832.770000(53381.740000)
12 tmp : 4336.910000 8822.090000(57718.650000)
13 tmp : 4325.490000 8810.670000(62044.140000)
14 tmp : 4322.590000 8807.770000(66366.730000)
15 tmp : 4305.370000 8790.550000(70672.100000)
16 tmp : 4274.650000 8759.830000(74946.750000)
17 tmp : 4233.080000 8718.260000(79179.830000)
18 tmp : 4229.260000 8714.440000(83409.090000)
19 tmp : 4204.730000 8689.910000(87613.820000)
20 tmp : 4200.190000 8685.370000(91814.010000)
21 tmp : 4197.850000 8683.030000(96011.860000)
22 tmp : 4185.440000 8670.620000(100197.300000)
23 tmp : 4183.990000 8669.170000(104381.290000)
24 tmp : 4176.960000 8662.140000(108558.250000)
25 tmp : 4163.390000 8648.570000(112721.640000)
26 tmp : 4152.070000 8637.250000(116873.710000)
27 tmp : 4142.310000 8627.490000(121016.020000)
28 tmp : 4139.420000 8624.600000(125155.440000)
29 tmp : 4103.410000 8588.590000(129258.850000)
30 tmp : 4093.990000 8579.170000(133352.840000)
31 tmp : 4075.200000 8560.380000(137428.040000)
32 tmp : 4068.250000 8553.430000(141496.290000)
33 tmp : 4052.600000 8537.780000(145548.890000)
34 tmp : 4052.550000 8537.730000(149601.440000)
35 tmp : 4018.090000 8503.270000(153619.530000)
36 tmp : 3985.300000 8470.480000(157604.830000)
37 tmp : 3955.590000 8440.770000(161560.420000)
38 tmp : 3931.320000 8416.500000(165491.740000)
39 tmp : 3908.490000 8393.670000(169400.230000)
40 tmp : 3848.970000 8334.150000(173249.200000)
41 tmp : 3812.370000 8297.550000(177061.570000)
42 tmp : 3799.840000 8285.020000(180861.410000)
43 tmp : 3782.810000 8267.990000(184644.220000)
44 tmp : 3744.110000 8229.290000(188388.330000)
45 tmp : 3741.510000 8226.690000(192129.840000)
46 tmp : 3721.210000 8206.390000(195851.050000)
47 tmp : 3695.580000 8180.760000(199546.630000)
48 tmp : 3654.560000 8139.740000(203201.190000)
49 tmp : 3653.040000 8138.220000(206854.230000)
50 tmp : 3632.280000 8117.460000(210486.510000)
51 tmp : 3605.750000 8090.930000(214092.260000)
52 tmp : 3583.930000 8069.110000(217676.190000)
53 tmp : 3580.450000 8065.630000(221256.640000)
54 tmp : 3562.130000 8047.310000(224818.770000)
55 tmp : 3558.110000 8043.290000(228376.880000)
56 tmp : 3554.310000 8039.490000(231931.190000)
57 tmp : 3551.130000 8036.310000(235482.320000)
58 tmp : 3539.650000 8024.830000(239021.970000)
59 tmp : 3537.260000 8022.440000(242559.230000)
60 tmp : 3528.230000 8013.410000(246087.460000)
61 tmp : 3521.500000 8006.680000(249608.960000)
62 tmp : 3461.710000 7946.890000(253070.670000)
63 tmp : 3448.630000 7933.810000(256519.300000)
64 tmp : 3421.330000 7906.510000(259940.630000)
65 tmp : 3413.670000 7898.850000(263354.300000)
66 tmp : 3396.780000 7881.960000(266751.080000)
67 tmp : 3387.300000 7872.480000(270138.380000)
68 tmp : 3386.160000 7871.340000(273524.540000)
69 tmp : 3385.130000 7870.310000(276909.670000)
70 tmp : 3371.830000 7857.010000(280281.500000)
71 tmp : 3358.640000 7843.820000(283640.140000)
72 tmp : 3355.450000 7840.630000(286995.590000)
73 tmp : 3354.220000 7839.400000(290349.810000)
74 tmp : 3330.360000 7815.540000(293680.170000)
75 tmp : 3318.080000 7803.260000(296998.250000)
76 tmp : 3317.620000 7802.800000(300315.870000)
77 tmp : 3313.070000 7798.250000(303628.940000)
78 tmp : 3308.950000 7794.130000(306937.890000)
79 tmp : 3300.710000 7785.890000(310238.600000)
80 tmp : 3278.540000 7763.720000(313517.140000)
81 tmp : 3276.850000 7762.030000(316793.990000)
82 tmp : 3267.610000 7752.790000(320061.600000)
83 tmp : 3259.130000 7744.310000(323320.730000)
84 tmp : 3236.700000 7721.880000(326557.430000)
85 tmp : 3235.710000 7720.890000(329793.140000)
86 tmp : 3227.210000 7712.390000(333020.350000)
87 tmp : 3220.910000 7706.090000(336241.260000)
88 tmp : 3170.280000 7655.460000(339411.540000)
89 tmp : 3142.510000 7627.690000(342554.050000)
90 tmp : 3125.920000 7611.100000(345679.970000)
91 tmp : 3124.400000 7609.580000(348804.370000)
92 tmp : 3119.890000 7605.070000(351924.260000)
93 tmp : 3119.890000 7605.070000(355044.150000)
94 tmp : 3108.220000 7593.400000(358152.370000)
95 tmp : 3094.990000 7580.170000(361247.360000)
96 tmp : 3081.500000 7566.680000(364328.860000)
97 tmp : 3071.380000 7556.560000(367400.240000)
98 tmp : 3067.410000 7552.590000(370467.650000)
99 tmp : 3067.100000 7552.280000(373534.750000)
100 tmp : 3066.220000 7551.400000(376600.970000)
101 tmp : 3054.050000 7539.230000(379655.020000)
102 tmp : 3050.250000 7535.430000(382705.270000)
103 tmp : 3039.110000 7524.290000(385744.380000)
104 tmp : 3037.370000 7522.550000(388781.750000)
105 tmp : 3008.940000 7494.120000(391790.690000)
106 tmp : 2990.610000 7475.790000(394781.300000)
107 tmp : 2985.510000 7470.690000(397766.810000)
108 tmp : 2944.080000 7429.260000(400710.890000)
109 tmp : 2937.860000 7423.040000(403648.750000)
110 tmp : 2924.220000 7409.400000(406572.970000)
111 tmp : 2908.550000 7393.730000(409481.520000)
112 tmp : 2908.540000 7393.720000(412390.060000)
113 tmp : 2891.150000 7376.330000(415281.210000)
114 tmp : 2888.460000 7373.640000(418169.670000)
115 tmp : 2879.770000 7364.950000(421049.440000)
116 tmp : 2834.340000 7319.520000(423883.780000)
117 tmp : 2793.310000 7278.490000(426677.090000)
118 tmp : 2778.810000 7263.990000(429455.900000)
119 tmp : 2763.520000 7248.700000(432219.420000)
120 tmp : 2754.050000 7239.230000(434973.470000)
121 tmp : 2748.990000 7234.170000(437722.460000)
122 tmp : 2730.230000 7215.410000(440452.690000)
123 tmp : 2729.640000 7214.820000(443182.330000)
124 tmp : 2712.730000 7197.910000(445895.060000)
125 tmp : 2699.510000 7184.690000(448594.570000)
126 tmp : 2688.360000 7173.540000(451282.930000)
127 tmp : 2686.220000 7171.400000(453969.150000)
128 tmp : 2677.970000 7163.150000(456647.120000)
129 tmp : 2663.440000 7148.620000(459310.560000)
130 tmp : 2628.570000 7113.750000(461939.130000)
131 tmp : 2625.620000 7110.800000(464564.750000)
132 tmp : 2585.600000 7070.780000(467150.350000)
133 tmp : 2585.370000 7070.550000(469735.720000)
134 tmp : 2544.500000 7029.680000(472280.220000)
135 tmp : 2539.900000 7025.080000(474820.120000)
136 tmp : 2535.650000 7020.830000(477355.770000)
137 tmp : 2533.820000 7019.000000(479889.590000)
138 tmp : 2533.550000 7018.730000(482423.140000)
139 tmp : 2524.590000 7009.770000(484947.730000)
140 tmp : 2467.870000 6953.050000(487415.600000)
141 tmp : 2454.310000 6939.490000(489869.910000)
142 tmp : 2432.750000 6917.930000(492302.660000)
143 tmp : 2403.400000 6888.580000(494706.060000)
144 tmp : 2390.900000 6876.080000(497096.960000)
145 tmp : 2379.790000 6864.970000(499476.750000)
146 tmp : 2373.940000 6859.120000(501850.690000)
147 tmp : 2362.200000 6847.380000(504212.890000)
148 tmp : 2349.470000 6834.650000(506562.360000)
149 tmp : 2340.450000 6825.630000(508902.810000)
150 tmp : 2310.310000 6795.490000(511213.120000)
151 tmp : 2252.350000 6737.530000(513465.470000)
152 tmp : 2232.420000 6717.600000(515697.890000)
153 tmp : 2225.730000 6710.910000(517923.620000)
154 tmp : 2200.930000 6686.110000(520124.550000)
155 tmp : 2199.160000 6684.340000(522323.710000)
156 tmp : 2152.810000 6637.990000(524476.520000)
157 tmp : 2147.220000 6632.400000(526623.740000)
158 tmp : 2113.900000 6599.080000(528737.640000)
159 tmp : 2104.330000 6589.510000(530841.970000)
160 tmp : 2094.980000 6580.160000(532936.950000)
161 tmp : 2089.670000 6574.850000(535026.620000)
162 tmp : 2087.120000 6572.300000(537113.740000)
163 tmp : 2079.680000 6564.860000(539193.420000)
164 tmp : 2075.290000 6560.470000(541268.710000)
165 tmp : 2067.840000 6553.020000(543336.550000)
166 tmp : 2059.890000 6545.070000(545396.440000)
167 tmp : 2035.170000 6520.350000(547431.610000)
168 tmp : 2007.260000 6492.440000(549438.870000)
169 tmp : 1998.170000 6483.350000(551437.040000)
170 tmp : 1988.580000 6473.760000(553425.620000)
171 tmp : 1972.950000 6458.130000(555398.570000)
172 tmp : 1970.250000 6455.430000(557368.820000)
173 tmp : 1969.740000 6454.920000(559338.560000)
174 tmp : 1963.800000 6448.980000(561302.360000)
175 tmp : 1957.680000 6442.860000(563260.040000)
176 tmp : 1953.090000 6438.270000(565213.130000)
177 tmp : 1942.320000 6427.500000(567155.450000)
178 tmp : 1930.690000 6415.870000(569086.140000)
179 tmp : 1930.010000 6415.190000(571016.150000)
180 tmp : 1918.350000 6403.530000(572934.500000)
181 tmp : 1905.560000 6390.740000(574840.060000)
182 tmp : 1901.500000 6386.680000(576741.560000)
183 tmp : 1901.400000 6386.580000(578642.960000)
184 tmp : 1898.110000 6383.290000(580541.070000)
185 tmp : 1851.880000 6337.060000(582392.950000)
186 tmp : 1847.260000 6332.440000(584240.210000)
187 tmp : 1831.730000 6316.910000(586071.940000)
188 tmp : 1819.820000 6305.000000(587891.760000)
189 tmp : 1792.530000 6277.710000(589684.290000)
190 tmp : 1778.170000 6263.350000(591462.460000)
191 tmp : 1739.180000 6224.360000(593201.640000)
192 tmp : 1732.600000 6217.780000(594934.240000)
193 tmp : 1723.750000 6208.930000(596657.990000)
194 tmp : 1710.270000 6195.450000(598368.260000)
195 tmp : 1709.850000 6195.030000(600078.110000)
196 tmp : 1705.800000 6190.980000(601783.910000)
197 tmp : 1679.670000 6164.850000(603463.580000)
198 tmp : 1629.880000 6115.060000(605093.460000)
199 tmp : 1616.440000 6101.620000(606709.900000)
200 tmp : 1591.150000 6076.330000(608301.050000)
201 tmp : 1579.090000 6064.270000(609880.140000)
202 tmp : 1578.250000 6063.430000(611458.390000)
203 tmp : 1571.110000 6056.290000(613029.500000)
204 tmp : 1568.740000 6053.920000(614598.240000)
205 tmp : 1550.720000 6035.900000(616148.960000)
206 tmp : 1508.510000 5993.690000(617657.470000)
207 tmp : 1499.950000 5985.130000(619157.420000)
208 tmp : 1493.880000 5979.060000(620651.300000)
209 tmp : 1488.920000 5974.100000(622140.220000)
210 tmp : 1486.750000 5971.930000(623626.970000)
211 tmp : 1478.530000 5963.710000(625105.500000)
212 tmp : 1468.750000 5953.930000(626574.250000)
213 tmp : 1466.530000 5951.710000(628040.780000)
214 tmp : 1449.370000 5934.550000(629490.150000)
215 tmp : 1429.010000 5914.190000(630919.160000)
216 tmp : 1427.160000 5912.340000(632346.320000)
217 tmp : 1424.840000 5910.020000(633771.160000)
218 tmp : 1373.760000 5858.940000(635144.920000)
219 tmp : 1362.560000 5847.740000(636507.480000)
220 tmp : 1352.620000 5837.800000(637860.100000)
221 tmp : 1351.640000 5836.820000(639211.740000)
222 tmp : 1332.710000 5817.890000(640544.450000)
223 tmp : 1330.010000 5815.190000(641874.460000)
224 tmp : 1306.720000 5791.900000(643181.180000)
225 tmp : 1303.290000 5788.470000(644484.470000)
226 tmp : 1302.290000 5787.470000(645786.760000)
227 tmp : 1252.330000 5737.510000(647039.090000)
228 tmp : 1165.360000 5650.540000(648204.450000)
229 tmp : 1157.260000 5642.440000(649361.710000)
230 tmp : 1151.430000 5636.610000(650513.140000)
231 tmp : 1135.300000 5620.480000(651648.440000)
232 tmp : 1132.380000 5617.560000(652780.820000)
233 tmp : 1130.460000 5615.640000(653911.280000)
234 tmp : 1112.880000 5598.060000(655024.160000)
235 tmp : 1091.140000 5576.320000(656115.300000)
236 tmp : 1040.170000 5525.350000(657155.470000)
237 tmp : 990.730000 5475.910000(658146.200000)
238 tmp : 988.640000 5473.820000(659134.840000)
239 tmp : 971.750000 5456.930000(660106.590000)
240 tmp : 969.320000 5454.500000(661075.910000)
241 tmp : 933.610000 5418.790000(662009.520000)
242 tmp : 914.220000 5399.400000(662923.740000)
243 tmp : 884.760000 5369.940000(663808.500000)
244 tmp : 835.000000 5320.180000(664643.500000)
245 tmp : 822.580000 5307.760000(665466.080000)
246 tmp : 812.660000 5297.840000(666278.740000)
247 tmp : 810.930000 5296.110000(667089.670000)
248 tmp : 800.000000 5285.180000(667889.670000)
249 tmp : 772.420000 5257.600000(668662.090000)
250 tmp : 726.250000 5211.430000(669388.340000)
251 tmp : 725.540000 5210.720000(670113.880000)
252 tmp : 724.360000 5209.540000(670838.240000)
253 tmp : 724.040000 5209.220000(671562.280000)
254 tmp : 710.010000 5195.190000(672272.290000)
255 tmp : 693.690000 5178.870000(672965.980000)
256 tmp : 678.060000 5163.240000(673644.040000)
257 tmp : 651.210000 5136.390000(674295.250000)
258 tmp : 641.390000 5126.570000(674936.640000)
259 tmp : 618.260000 5103.440000(675554.900000)
260 tmp : 583.570000 5068.750000(676138.470000)
261 tmp : 563.330000 5048.510000(676701.800000)
262 tmp : 562.510000 5047.690000(677264.310000)
263 tmp : 541.970000 5027.150000(677806.280000)
264 tmp : 534.740000 5019.920000(678341.020000)
265 tmp : 512.470000 4997.650000(678853.490000)
266 tmp : 496.090000 4981.270000(679349.580000)
267 tmp : 460.060000 4945.240000(679809.640000)
268 tmp : 458.940000 4944.120000(680268.580000)
269 tmp : 444.430000 4929.610000(680713.010000)
270 tmp : 440.810000 4925.990000(681153.820000)
271 tmp : 430.000000 4915.180000(681583.820000)
272 tmp : 406.210000 4891.390000(681990.030000)
273 tmp : 396.160000 4881.340000(682386.190000)
274 tmp : 378.420000 4863.600000(682764.610000)
275 tmp : 356.810000 4841.990000(683121.420000)
276 tmp : 322.980000 4808.160000(683444.400000)
277 tmp : 277.270000 4762.450000(683721.670000)
278 tmp : 253.400000 4738.580000(683975.070000)
279 tmp : 248.530000 4733.710000(684223.600000)
280 tmp : 230.560000 4715.740000(684454.160000)
281 tmp : 227.100000 4712.280000(684681.260000)
282 tmp : 225.650000 4710.830000(684906.910000)
283 tmp : 224.740000 4709.920000(685131.650000)
284 tmp : 220.620000 4705.800000(685352.270000)
285 tmp : 218.080000 4703.260000(685570.350000)
286 tmp : 165.090000 4650.270000(685735.440000)
287 tmp : 161.830000 4647.010000(685897.270000)
288 tmp : 125.280000 4610.460000(686022.550000)
289 tmp : 116.410000 4601.590000(686138.960000)
290 tmp : 106.620000 4591.800000(686245.580000)
291 tmp : 106.570000 4591.750000(686352.150000)
292 tmp : 91.760000 4576.940000(686443.910000)
293 tmp : 81.620000 4566.800000(686525.530000)
294 tmp : 80.390000 4565.570000(686605.920000)
295 tmp : 66.870000 4552.050000(686672.790000)
296 tmp : 58.370000 4543.550000(686731.160000)
297 tmp : 57.240000 4542.420000(686788.400000)
298 tmp : 53.000000 4538.180000(686841.400000)
299 tmp : 25.380000 4510.560000(686866.780000)
300 tmp : 17.230000 4502.410000(686884.010000)
301 tmp : 16.020000 4501.200000(686900.030000)
302 tmp : 10.400000 4495.580000(686910.430000)
303 tmp : 3.240000 4481.940000(686913.670000)
304 tmp : 9.330000 4475.850000(686923.000000)
305 tmp : 18.570000 4466.610000(686941.570000)
306 tmp : 29.980000 4455.200000(686971.550000)
307 tmp : 38.800000 4446.380000(687010.350000)
308 tmp : 62.430000 4422.750000(687072.780000)
309 tmp : 64.030000 4421.150000(687136.810000)
310 tmp : 80.680000 4404.500000(687217.490000)
311 tmp : 85.910000 4399.270000(687303.400000)
312 tmp : 91.760000 4393.420000(687395.160000)
313 tmp : 95.990000 4389.190000(687491.150000)
314 tmp : 99.880000 4385.300000(687591.030000)
315 tmp : 100.280000 4384.900000(687691.310000)
316 tmp : 106.230000 4378.950000(687797.540000)
317 tmp : 108.510000 4376.670000(687906.050000)
318 tmp : 135.550000 4349.630000(688041.600000)
319 tmp : 140.380000 4344.800000(688181.980000)
320 tmp : 158.710000 4326.470000(688340.690000)
321 tmp : 167.450000 4317.730000(688508.140000)
322 tmp : 189.390000 4295.790000(688697.530000)
323 tmp : 196.280000 4288.900000(688893.810000)
324 tmp : 214.820000 4270.360000(689108.630000)
325 tmp : 227.090000 4258.090000(689335.720000)
326 tmp : 233.650000 4251.530000(689569.370000)
327 tmp : 242.380000 4242.800000(689811.750000)
328 tmp : 254.620000 4230.560000(690066.370000)
329 tmp : 266.900000 4218.280000(690333.270000)
330 tmp : 271.290000 4213.890000(690604.560000)
331 tmp : 275.380000 4209.800000(690879.940000)
332 tmp : 279.650000 4205.530000(691159.590000)
333 tmp : 296.550000 4188.630000(691456.140000)
334 tmp : 304.100000 4181.080000(691760.240000)
335 tmp : 306.830000 4178.350000(692067.070000)
336 tmp : 322.880000 4162.300000(692389.950000)
337 tmp : 329.820000 4155.360000(692719.770000)
338 tmp : 339.300000 4145.880000(693059.070000)
339 tmp : 343.010000 4142.170000(693402.080000)
340 tmp : 351.750000 4133.430000(693753.830000)
341 tmp : 372.010000 4113.170000(694125.840000)
342 tmp : 381.490000 4103.690000(694507.330000)
343 tmp : 392.830000 4092.350000(694900.160000)
344 tmp : 425.750000 4059.430000(695325.910000)
345 tmp : 435.260000 4049.920000(695761.170000)
346 tmp : 461.190000 4023.990000(696222.360000)
347 tmp : 479.300000 4005.880000(696701.660000)
348 tmp : 499.700000 3985.480000(697201.360000)
349 tmp : 527.200000 3957.980000(697728.560000)
350 tmp : 573.910000 3911.270000(698302.470000)
351 tmp : 586.250000 3898.930000(698888.720000)
352 tmp : 587.640000 3897.540000(699476.360000)
353 tmp : 589.470000 3895.710000(700065.830000)
354 tmp : 633.070000 3852.110000(700698.900000)
355 tmp : 667.450000 3817.730000(701366.350000)
356 tmp : 668.010000 3817.170000(702034.360000)
357 tmp : 680.040000 3805.140000(702714.400000)
358 tmp : 689.640000 3795.540000(703404.040000)
359 tmp : 696.920000 3788.260000(704100.960000)
360 tmp : 704.320000 3780.860000(704805.280000)
361 tmp : 723.120000 3762.060000(705528.400000)
362 tmp : 729.830000 3755.350000(706258.230000)
363 tmp : 731.820000 3753.360000(706990.050000)
364 tmp : 756.130000 3729.050000(707746.180000)
365 tmp : 824.870000 3660.310000(708571.050000)
366 tmp : 863.380000 3621.800000(709434.430000)
367 tmp : 877.710000 3607.470000(710312.140000)
368 tmp : 888.400000 3596.780000(711200.540000)
369 tmp : 911.130000 3574.050000(712111.670000)
370 tmp : 934.190000 3550.990000(713045.860000)
371 tmp : 953.700000 3531.480000(713999.560000)
372 tmp : 961.200000 3523.980000(714960.760000)
373 tmp : 976.780000 3508.400000(715937.540000)
374 tmp : 994.840000 3490.340000(716932.380000)
375 tmp : 1016.590000 3468.590000(717948.970000)
376 tmp : 1041.980000 3443.200000(718990.950000)
377 tmp : 1056.390000 3428.790000(720047.340000)
378 tmp : 1066.130000 3419.050000(721113.470000)
379 tmp : 1078.630000 3406.550000(722192.100000)
380 tmp : 1084.940000 3400.240000(723277.040000)
381 tmp : 1102.420000 3382.760000(724379.460000)
382 tmp : 1108.750000 3376.430000(725488.210000)
383 tmp : 1114.250000 3370.930000(726602.460000)
384 tmp : 1128.680000 3356.500000(727731.140000)
385 tmp : 1150.050000 3335.130000(728881.190000)
386 tmp : 1165.530000 3319.650000(730046.720000)
387 tmp : 1187.490000 3297.690000(731234.210000)
388 tmp : 1212.310000 3272.870000(732446.520000)
389 tmp : 1246.140000 3239.040000(733692.660000)
390 tmp : 1264.190000 3220.990000(734956.850000)
391 tmp : 1265.900000 3219.280000(736222.750000)
392 tmp : 1273.810000 3211.370000(737496.560000)
393 tmp : 1274.010000 3211.170000(738770.570000)
394 tmp : 1307.240000 3177.940000(740077.810000)
395 tmp : 1311.500000 3173.680000(741389.310000)
396 tmp : 1315.880000 3169.300000(742705.190000)
397 tmp : 1333.520000 3151.660000(744038.710000)
398 tmp : 1339.140000 3146.040000(745377.850000)
399 tmp : 1360.610000 3124.570000(746738.460000)
400 tmp : 1386.650000 3098.530000(748125.110000)
401 tmp : 1391.110000 3094.070000(749516.220000)
402 tmp : 1466.050000 3019.130000(750982.270000)
403 tmp : 1485.360000 2999.820000(752467.630000)
404 tmp : 1514.940000 2970.240000(753982.570000)
405 tmp : 1563.140000 2922.040000(755545.710000)
406 tmp : 1579.290000 2905.890000(757125.000000)
407 tmp : 1581.120000 2904.060000(758706.120000)
408 tmp : 1585.900000 2899.280000(760292.020000)
409 tmp : 1597.830000 2887.350000(761889.850000)
410 tmp : 1605.450000 2879.730000(763495.300000)
411 tmp : 1626.900000 2858.280000(765122.200000)
412 tmp : 1636.330000 2848.850000(766758.530000)
413 tmp : 1645.450000 2839.730000(768403.980000)
414 tmp : 1650.320000 2834.860000(770054.300000)
415 tmp : 1667.730000 2817.450000(771722.030000)
416 tmp : 1697.270000 2787.910000(773419.300000)
417 tmp : 1717.000000 2768.180000(775136.300000)
418 tmp : 1724.910000 2760.270000(776861.210000)
419 tmp : 1737.520000 2747.660000(778598.730000)
420 tmp : 1752.750000 2732.430000(780351.480000)
421 tmp : 1773.450000 2711.730000(782124.930000)
422 tmp : 1777.270000 2707.910000(783902.200000)
423 tmp : 1799.320000 2685.860000(785701.520000)
424 tmp : 1822.490000 2662.690000(787524.010000)
425 tmp : 1831.040000 2654.140000(789355.050000)
426 tmp : 1837.200000 2647.980000(791192.250000)
427 tmp : 1887.880000 2597.300000(793080.130000)
428 tmp : 1906.410000 2578.770000(794986.540000)
429 tmp : 1917.940000 2567.240000(796904.480000)
430 tmp : 1925.130000 2560.050000(798829.610000)
431 tmp : 1934.200000 2550.980000(800763.810000)
432 tmp : 1956.190000 2528.990000(802720.000000)
433 tmp : 1970.310000 2514.870000(804690.310000)
434 tmp : 1984.170000 2501.010000(806674.480000)
435 tmp : 1994.310000 2490.870000(808668.790000)
436 tmp : 2043.810000 2441.370000(810712.600000)
437 tmp : 2076.720000 2408.460000(812789.320000)
438 tmp : 2094.020000 2391.160000(814883.340000)
439 tmp : 2098.130000 2387.050000(816981.470000)
440 tmp : 2098.920000 2386.260000(819080.390000)
441 tmp : 2105.680000 2379.500000(821186.070000)
442 tmp : 2118.560000 2366.620000(823304.630000)
443 tmp : 2127.500000 2357.680000(825432.130000)
444 tmp : 2159.760000 2325.420000(827591.890000)
445 tmp : 2187.130000 2298.050000(829779.020000)
446 tmp : 2221.430000 2263.750000(832000.450000)
447 tmp : 2265.200000 2219.980000(834265.650000)
448 tmp : 2293.500000 2191.680000(836559.150000)
449 tmp : 2314.720000 2170.460000(838873.870000)
450 tmp : 2328.650000 2156.530000(841202.520000)
451 tmp : 2336.270000 2148.910000(843538.790000)
452 tmp : 2343.230000 2141.950000(845882.020000)
453 tmp : 2354.620000 2130.560000(848236.640000)
454 tmp : 2388.030000 2097.150000(850624.670000)
455 tmp : 2421.510000 2063.670000(853046.180000)
456 tmp : 2440.020000 2045.160000(855486.200000)
457 tmp : 2443.240000 2041.940000(857929.440000)
458 tmp : 2452.500000 2032.680000(860381.940000)
459 tmp : 2464.500000 2020.680000(862846.440000)
460 tmp : 2471.870000 2013.310000(865318.310000)
461 tmp : 2504.460000 1980.720000(867822.770000)
462 tmp : 2507.790000 1977.390000(870330.560000)
463 tmp : 2529.660000 1955.520000(872860.220000)
464 tmp : 2535.110000 1950.070000(875395.330000)
465 tmp : 2541.380000 1943.800000(877936.710000)
466 tmp : 2554.700000 1930.480000(880491.410000)
467 tmp : 2563.520000 1921.660000(883054.930000)
468 tmp : 2590.250000 1894.930000(885645.180000)
469 tmp : 2590.950000 1894.230000(888236.130000)
470 tmp : 2591.910000 1893.270000(890828.040000)
471 tmp : 2625.440000 1859.740000(893453.480000)
472 tmp : 2625.890000 1859.290000(896079.370000)
473 tmp : 2634.200000 1850.980000(898713.570000)
474 tmp : 2648.140000 1837.040000(901361.710000)
475 tmp : 2676.130000 1809.050000(904037.840000)
476 tmp : 2676.170000 1809.010000(906714.010000)
477 tmp : 2677.830000 1807.350000(909391.840000)
478 tmp : 2685.990000 1799.190000(912077.830000)
479 tmp : 2691.140000 1794.040000(914768.970000)
480 tmp : 2733.020000 1752.160000(917501.990000)
481 tmp : 2756.830000 1728.350000(920258.820000)
482 tmp : 2759.420000 1725.760000(923018.240000)
483 tmp : 2771.640000 1713.540000(925789.880000)
484 tmp : 2776.630000 1708.550000(928566.510000)
485 tmp : 2777.780000 1707.400000(931344.290000)
486 tmp : 2792.170000 1693.010000(934136.460000)
487 tmp : 2802.300000 1682.880000(936938.760000)
488 tmp : 2811.420000 1673.760000(939750.180000)
489 tmp : 2812.800000 1672.380000(942562.980000)
490 tmp : 2821.270000 1663.910000(945384.250000)
491 tmp : 2827.110000 1658.070000(948211.360000)
492 tmp : 2835.890000 1649.290000(951047.250000)
493 tmp : 2861.870000
494 tmp : 2869.520000
495 tmp : 2888.230000
496 tmp : 2914.320000
497 tmp : 2917.290000
498 tmp : 2939.920000
499 tmp : 2940.570000
500 tmp : 2941.830000
501 tmp : 2980.220000
502 tmp : 2988.600000
503 tmp : 3002.050000
504 tmp : 3024.860000
505 tmp : 3052.640000
506 tmp : 3053.930000
507 tmp : 3054.820000
508 tmp : 3064.060000
509 tmp : 3070.970000
510 tmp : 3073.730000
511 tmp : 3088.340000
512 tmp : 3106.170000
513 tmp : 3135.140000
514 tmp : 3142.960000
515 tmp : 3153.550000
516 tmp : 3164.720000
517 tmp : 3217.680000
518 tmp : 3218.450000
519 tmp : 3219.690000
520 tmp : 3256.200000
521 tmp : 3296.070000
522 tmp : 3303.740000
523 tmp : 3306.240000
524 tmp : 3323.750000
525 tmp : 3371.570000
526 tmp : 3373.120000
527 tmp : 3374.860000
528 tmp : 3390.300000
529 tmp : 3399.860000
530 tmp : 3403.910000
531 tmp : 3408.780000
532 tmp : 3409.810000
533 tmp : 3416.310000
534 tmp : 3427.570000
535 tmp : 3430.040000
536 tmp : 3436.320000
537 tmp : 3464.220000
538 tmp : 3467.130000
539 tmp : 3468.010000
540 tmp : 3505.800000
541 tmp : 3533.300000
542 tmp : 3557.180000
543 tmp : 3559.300000
544 tmp : 3600.930000
545 tmp : 3601.910000
546 tmp : 3609.180000
547 tmp : 3624.790000
548 tmp : 3627.230000
549 tmp : 3639.540000
550 tmp : 3657.320000
551 tmp : 3666.050000
552 tmp : 3677.930000
553 tmp : 3678.600000
554 tmp : 3682.640000
555 tmp : 3701.290000
556 tmp : 3711.790000
557 tmp : 3716.310000
558 tmp : 3753.350000
559 tmp : 3795.510000
560 tmp : 3798.560000
561 tmp : 3807.420000
562 tmp : 3810.980000
563 tmp : 3818.370000
564 tmp : 3842.680000
565 tmp : 3843.620000
566 tmp : 3848.330000
567 tmp : 3857.610000
568 tmp : 3865.470000
569 tmp : 3875.140000
570 tmp : 3880.740000
571 tmp : 3885.410000
572 tmp : 3895.830000
573 tmp : 3896.170000
574 tmp : 3913.310000
575 tmp : 3945.530000
576 tmp : 3948.140000
577 tmp : 3958.910000
578 tmp : 3966.430000
579 tmp : 3966.750000
580 tmp : 3983.820000
581 tmp : 3990.380000
582 tmp : 3998.500000
583 tmp : 4013.380000
584 tmp : 4020.820000
585 tmp : 4035.880000
586 tmp : 4087.100000
587 tmp : 4129.630000
588 tmp : 4142.810000
589 tmp : 4166.060000
590 tmp : 4171.730000
591 tmp : 4178.630000
592 tmp : 4189.000000
593 tmp : 4213.390000
594 tmp : 4245.160000
595 tmp : 4249.830000
596 tmp : 4260.250000
597 tmp : 4279.970000
598 tmp : 4292.090000
599 tmp : 4314.500000
600 tmp : 4319.750000
601 tmp : 4330.530000
602 tmp : 4339.550000
603 tmp : 4366.040000
604 tmp : 4386.650000
605 tmp : 4391.320000
606 tmp : 4420.280000
607 tmp : 4454.560000
608 tmp : 4462.710000
$686910.43
